<?xml version="1.0" encoding="UTF-8"?>
<testsuite name="com.example.demo.SpringBootGradleApplicationTests" tests="1" skipped="0" failures="0" errors="0" timestamp="2019-05-01T16:11:59" hostname="Amit-PC" time="1.009">
  <properties/>
  <testcase name="contextLoads" classname="com.example.demo.SpringBootGradleApplicationTests" time="1.009"/>
  <system-out><![CDATA[21:41:50.288 [Test worker] DEBUG org.springframework.test.context.junit4.SpringJUnit4ClassRunner - SpringJUnit4ClassRunner constructor called with [class com.example.demo.SpringBootGradleApplicationTests]
21:41:50.320 [Test worker] DEBUG org.springframework.test.context.BootstrapUtils - Instantiating CacheAwareContextLoaderDelegate from class [org.springframework.test.context.cache.DefaultCacheAwareContextLoaderDelegate]
21:41:50.338 [Test worker] DEBUG org.springframework.test.context.BootstrapUtils - Instantiating BootstrapContext using constructor [public org.springframework.test.context.support.DefaultBootstrapContext(java.lang.Class,org.springframework.test.context.CacheAwareContextLoaderDelegate)]
21:41:50.384 [Test worker] DEBUG org.springframework.test.context.BootstrapUtils - Instantiating TestContextBootstrapper for test class [com.example.demo.SpringBootGradleApplicationTests] from class [org.springframework.boot.test.context.SpringBootTestContextBootstrapper]
21:41:50.417 [Test worker] INFO org.springframework.boot.test.context.SpringBootTestContextBootstrapper - Neither @ContextConfiguration nor @ContextHierarchy found for test class [com.example.demo.SpringBootGradleApplicationTests], using SpringBootContextLoader
21:41:50.425 [Test worker] DEBUG org.springframework.test.context.support.AbstractContextLoader - Did not detect default resource location for test class [com.example.demo.SpringBootGradleApplicationTests]: class path resource [com/example/demo/SpringBootGradleApplicationTests-context.xml] does not exist
21:41:50.426 [Test worker] DEBUG org.springframework.test.context.support.AbstractContextLoader - Did not detect default resource location for test class [com.example.demo.SpringBootGradleApplicationTests]: class path resource [com/example/demo/SpringBootGradleApplicationTestsContext.groovy] does not exist
21:41:50.426 [Test worker] INFO org.springframework.test.context.support.AbstractContextLoader - Could not detect default resource locations for test class [com.example.demo.SpringBootGradleApplicationTests]: no resource found for suffixes {-context.xml, Context.groovy}.
21:41:50.428 [Test worker] INFO org.springframework.test.context.support.AnnotationConfigContextLoaderUtils - Could not detect default configuration classes for test class [com.example.demo.SpringBootGradleApplicationTests]: SpringBootGradleApplicationTests does not declare any static, non-private, non-final, nested classes annotated with @Configuration.
21:41:50.537 [Test worker] DEBUG org.springframework.test.context.support.ActiveProfilesUtils - Could not find an 'annotation declaring class' for annotation type [org.springframework.test.context.ActiveProfiles] and class [com.example.demo.SpringBootGradleApplicationTests]
21:41:50.732 [Test worker] DEBUG org.springframework.context.annotation.ClassPathScanningCandidateComponentProvider - Identified candidate component class: file [I:\Coding\Spring\Spring-Boot\SpringBootGradle\build\classes\java\main\com\example\demo\SpringBootGradleApplication.class]
21:41:50.735 [Test worker] INFO org.springframework.boot.test.context.SpringBootTestContextBootstrapper - Found @SpringBootConfiguration com.example.demo.SpringBootGradleApplication for test class com.example.demo.SpringBootGradleApplicationTests
21:41:50.921 [Test worker] DEBUG org.springframework.boot.test.context.SpringBootTestContextBootstrapper - @TestExecutionListeners is not present for class [com.example.demo.SpringBootGradleApplicationTests]: using defaults.
21:41:50.923 [Test worker] INFO org.springframework.boot.test.context.SpringBootTestContextBootstrapper - Loaded default TestExecutionListener class names from location [META-INF/spring.factories]: [org.springframework.boot.test.autoconfigure.restdocs.RestDocsTestExecutionListener, org.springframework.boot.test.autoconfigure.web.client.MockRestServiceServerResetTestExecutionListener, org.springframework.boot.test.autoconfigure.web.servlet.MockMvcPrintOnlyOnFailureTestExecutionListener, org.springframework.boot.test.autoconfigure.web.servlet.WebDriverTestExecutionListener, org.springframework.boot.test.mock.mockito.MockitoTestExecutionListener, org.springframework.boot.test.mock.mockito.ResetMocksTestExecutionListener, org.springframework.test.context.web.ServletTestExecutionListener, org.springframework.test.context.support.DirtiesContextBeforeModesTestExecutionListener, org.springframework.test.context.support.DependencyInjectionTestExecutionListener, org.springframework.test.context.support.DirtiesContextTestExecutionListener, org.springframework.test.context.transaction.TransactionalTestExecutionListener, org.springframework.test.context.jdbc.SqlScriptsTestExecutionListener]
21:41:50.966 [Test worker] DEBUG org.springframework.boot.test.context.SpringBootTestContextBootstrapper - Skipping candidate TestExecutionListener [org.springframework.test.context.transaction.TransactionalTestExecutionListener] due to a missing dependency. Specify custom listener classes or make the default listener classes and their required dependencies available. Offending class: [org/springframework/transaction/interceptor/TransactionAttributeSource]
21:41:50.968 [Test worker] DEBUG org.springframework.boot.test.context.SpringBootTestContextBootstrapper - Skipping candidate TestExecutionListener [org.springframework.test.context.jdbc.SqlScriptsTestExecutionListener] due to a missing dependency. Specify custom listener classes or make the default listener classes and their required dependencies available. Offending class: [org/springframework/transaction/interceptor/TransactionAttribute]
21:41:50.970 [Test worker] INFO org.springframework.boot.test.context.SpringBootTestContextBootstrapper - Using TestExecutionListeners: [org.springframework.test.context.web.ServletTestExecutionListener@327b1796, org.springframework.test.context.support.DirtiesContextBeforeModesTestExecutionListener@27a5aa58, org.springframework.boot.test.mock.mockito.MockitoTestExecutionListener@5046e2a3, org.springframework.boot.test.autoconfigure.SpringBootDependencyInjectionTestExecutionListener@4e9534b7, org.springframework.test.context.support.DirtiesContextTestExecutionListener@24b85d54, org.springframework.boot.test.autoconfigure.restdocs.RestDocsTestExecutionListener@2ec5d4f1, org.springframework.boot.test.autoconfigure.web.client.MockRestServiceServerResetTestExecutionListener@49717870, org.springframework.boot.test.autoconfigure.web.servlet.MockMvcPrintOnlyOnFailureTestExecutionListener@2ea6dd65, org.springframework.boot.test.autoconfigure.web.servlet.WebDriverTestExecutionListener@48927718, org.springframework.boot.test.mock.mockito.ResetMocksTestExecutionListener@48f040a7]
21:41:50.978 [Test worker] DEBUG org.springframework.test.annotation.ProfileValueUtils - Retrieved @ProfileValueSourceConfiguration [null] for test class [com.example.demo.SpringBootGradleApplicationTests]
21:41:50.980 [Test worker] DEBUG org.springframework.test.annotation.ProfileValueUtils - Retrieved ProfileValueSource type [class org.springframework.test.annotation.SystemProfileValueSource] for class [com.example.demo.SpringBootGradleApplicationTests]
21:41:50.982 [Test worker] DEBUG org.springframework.test.annotation.ProfileValueUtils - Retrieved @ProfileValueSourceConfiguration [null] for test class [com.example.demo.SpringBootGradleApplicationTests]
21:41:50.983 [Test worker] DEBUG org.springframework.test.annotation.ProfileValueUtils - Retrieved ProfileValueSource type [class org.springframework.test.annotation.SystemProfileValueSource] for class [com.example.demo.SpringBootGradleApplicationTests]
21:41:50.994 [Test worker] DEBUG org.springframework.test.context.support.AbstractDirtiesContextTestExecutionListener - Before test class: context [DefaultTestContext@212f8253 testClass = SpringBootGradleApplicationTests, testInstance = [null], testMethod = [null], testException = [null], mergedContextConfiguration = [WebMergedContextConfiguration@27a3b648 testClass = SpringBootGradleApplicationTests, locations = '{}', classes = '{class com.example.demo.SpringBootGradleApplication}', contextInitializerClasses = '[]', activeProfiles = '{}', propertySourceLocations = '{}', propertySourceProperties = '{org.springframework.boot.test.context.SpringBootTestContextBootstrapper=true}', contextCustomizers = set[org.springframework.boot.test.autoconfigure.properties.PropertyMappingContextCustomizer@0, org.springframework.boot.test.autoconfigure.web.servlet.WebDriverContextCustomizerFactory$Customizer@29850972, org.springframework.boot.test.context.filter.ExcludeFilterContextCustomizer@13cbd400, org.springframework.boot.test.json.DuplicateJsonObjectContextCustomizerFactory$DuplicateJsonObjectContextCustomizer@36033c80, org.springframework.boot.test.mock.mockito.MockitoContextCustomizer@0, org.springframework.boot.test.web.client.TestRestTemplateContextCustomizer@1fa3c4b4], resourceBasePath = 'src/main/webapp', contextLoader = 'org.springframework.boot.test.context.SpringBootContextLoader', parent = [null]], attributes = map['org.springframework.test.context.web.ServletTestExecutionListener.activateListener' -> true]], class annotated with @DirtiesContext [false] with mode [null].
21:41:50.996 [Test worker] DEBUG org.springframework.test.annotation.ProfileValueUtils - Retrieved @ProfileValueSourceConfiguration [null] for test class [com.example.demo.SpringBootGradleApplicationTests]
21:41:50.996 [Test worker] DEBUG org.springframework.test.annotation.ProfileValueUtils - Retrieved ProfileValueSource type [class org.springframework.test.annotation.SystemProfileValueSource] for class [com.example.demo.SpringBootGradleApplicationTests]
21:41:51.036 [Test worker] DEBUG org.springframework.test.context.support.TestPropertySourceUtils - Adding inlined properties to environment: {spring.jmx.enabled=false, org.springframework.boot.test.context.SpringBootTestContextBootstrapper=true, server.port=-1}

  .   ____          _            __ _ _
 /\\ / ___'_ __ _ _(_)_ __  __ _ \ \ \ \
( ( )\___ | '_ | '_| | '_ \/ _` | \ \ \ \
 \\/  ___)| |_)| | | | | || (_| |  ) ) ) )
  '  |____| .__|_| |_|_| |_\__, | / / / /
 =========|_|==============|___/=/_/_/_/
 :: Spring Boot ::        (v2.1.4.RELEASE)

2019-05-01 21:41:51.714  INFO 4544 --- [    Test worker] c.e.d.SpringBootGradleApplicationTests   : Starting SpringBootGradleApplicationTests on Amit-PC with PID 4544 (started by Amit in I:\Coding\Spring\Spring-Boot\SpringBootGradle)
2019-05-01 21:41:51.719  INFO 4544 --- [    Test worker] c.e.d.SpringBootGradleApplicationTests   : No active profile set, falling back to default profiles: default
2019-05-01 21:41:58.990  INFO 4544 --- [    Test worker] o.s.s.concurrent.ThreadPoolTaskExecutor  : Initializing ExecutorService 'applicationTaskExecutor'
2019-05-01 21:41:59.836  INFO 4544 --- [    Test worker] c.e.d.SpringBootGradleApplicationTests   : Started SpringBootGradleApplicationTests in 8.784 seconds (JVM running for 11.819)
]]></system-out>
  <system-err><![CDATA[]]></system-err>
</testsuite>
